<?xml version="1.0" encoding="utf-8"?>
<CoverageSession xmlns:xsi="http://www.w3.org/2001/XMLSchema-instance" xmlns:xsd="http://www.w3.org/2001/XMLSchema">
  <Modules>
    <Module skippedDueTo="Filter" hash="23-8B-75-10-D4-00-C1-A8-B7-40-CB-83-5B-2B-E2-41-A9-9C-9E-59">
      <FullName>C:\WINDOWS\Microsoft.Net\assembly\GAC_32\mscorlib\v4.0_4.0.0.0__b77a5c561934e089\mscorlib.dll</FullName>
      <ModuleName>mscorlib</ModuleName>
      <Classes />
    </Module>
    <Module skippedDueTo="MissingPdb" hash="DA-11-AB-7A-54-40-91-0F-E3-CC-4F-E4-30-43-80-09-4A-8C-B6-BA">
      <FullName>D:\SharpDevelop\bin\Tools\NUnit\nunit-console-x86.exe</FullName>
      <ModuleName>nunit-console</ModuleName>
      <Classes />
    </Module>
    <Module skippedDueTo="MissingPdb" hash="23-35-8C-86-05-D5-AE-FE-3C-1F-09-A0-86-02-40-7C-4F-CA-59-41">
      <FullName>D:\SharpDevelop\bin\Tools\NUnit\lib\nunit.core.dll</FullName>
      <ModuleName>nunit.core</ModuleName>
      <Classes />
    </Module>
    <Module skippedDueTo="MissingPdb" hash="57-DD-20-42-DA-33-B3-EE-DA-8C-8E-25-C9-E5-07-B5-08-62-0F-88">
      <FullName>D:\SharpDevelop\bin\Tools\NUnit\lib\nunit.util.dll</FullName>
      <ModuleName>nunit.util</ModuleName>
      <Classes />
    </Module>
    <Module skippedDueTo="MissingPdb" hash="79-F8-9A-22-4E-29-52-37-00-CF-81-FF-1F-EA-05-EC-74-2A-2E-C8">
      <FullName>D:\SharpDevelop\bin\Tools\NUnit\lib\nunit-console-runner.dll</FullName>
      <ModuleName>nunit-console-runner</ModuleName>
      <Classes />
    </Module>
    <Module skippedDueTo="MissingPdb" hash="AD-76-2F-3C-5E-F6-77-0D-C6-AD-AF-A3-90-85-28-07-2D-A0-59-50">
      <FullName>D:\SharpDevelop\bin\Tools\NUnit\lib\nunit.core.interfaces.dll</FullName>
      <ModuleName>nunit.core.interfaces</ModuleName>
      <Classes />
    </Module>
    <Module skippedDueTo="Filter" hash="6A-CB-9C-23-A1-28-3F-24-11-C3-EA-99-78-1C-2D-0A-DE-D5-1F-6E">
      <FullName>C:\WINDOWS\Microsoft.Net\assembly\GAC_MSIL\System.Configuration\v4.0_4.0.0.0__b03f5f7f11d50a3a\System.Configuration.dll</FullName>
      <ModuleName>System.Configuration</ModuleName>
      <Classes />
    </Module>
    <Module skippedDueTo="Filter" hash="34-D7-C0-1E-21-78-83-F2-BF-6F-A1-7E-46-52-A0-AE-B7-C7-F3-F0">
      <FullName>C:\WINDOWS\Microsoft.Net\assembly\GAC_MSIL\System\v4.0_4.0.0.0__b77a5c561934e089\System.dll</FullName>
      <ModuleName>System</ModuleName>
      <Classes />
    </Module>
    <Module skippedDueTo="Filter" hash="92-C6-F7-85-BE-42-80-6A-4B-B3-F6-B2-EF-AD-56-C1-D7-E7-9D-4D">
      <FullName>C:\WINDOWS\Microsoft.Net\assembly\GAC_MSIL\System.Xml\v4.0_4.0.0.0__b77a5c561934e089\System.Xml.dll</FullName>
      <ModuleName>System.Xml</ModuleName>
      <Classes />
    </Module>
    <Module skippedDueTo="Filter" hash="E8-47-7A-41-67-F7-5A-91-1D-B2-1A-48-85-F5-81-AF-DE-91-B4-C2">
      <FullName>C:\WINDOWS\Microsoft.Net\assembly\GAC_MSIL\System.Runtime.Remoting\v4.0_4.0.0.0__b77a5c561934e089\System.Runtime.Remoting.dll</FullName>
      <ModuleName>System.Runtime.Remoting</ModuleName>
      <Classes />
    </Module>
    <Module skippedDueTo="MissingPdb" hash="23-35-8C-86-05-D5-AE-FE-3C-1F-09-A0-86-02-40-7C-4F-CA-59-41">
      <FullName>D:\SharpDevelop\bin\Tools\NUnit\lib\nunit.core.dll</FullName>
      <ModuleName>nunit.core</ModuleName>
      <Classes />
    </Module>
    <Module skippedDueTo="Filter" hash="34-D7-C0-1E-21-78-83-F2-BF-6F-A1-7E-46-52-A0-AE-B7-C7-F3-F0">
      <FullName>C:\WINDOWS\Microsoft.Net\assembly\GAC_MSIL\System\v4.0_4.0.0.0__b77a5c561934e089\System.dll</FullName>
      <ModuleName>System</ModuleName>
      <Classes />
    </Module>
    <Module skippedDueTo="MissingPdb" hash="AD-76-2F-3C-5E-F6-77-0D-C6-AD-AF-A3-90-85-28-07-2D-A0-59-50">
      <FullName>D:\SharpDevelop\bin\Tools\NUnit\lib\nunit.core.interfaces.dll</FullName>
      <ModuleName>nunit.core.interfaces</ModuleName>
      <Classes />
    </Module>
    <Module hash="45-13-82-E5-CF-71-8D-22-E0-90-32-F5-DA-02-D1-21-FA-4D-F2-DE">
      <FullName>C:\Documents and Settings\jelena\Local Settings\Temp\nunit20\ShadowCopyCache\2232_635174463512812500\Tests_25363796\assembly\dl3\bb42f8b6\50f7b831_a7c9ce01\ProgramZaPlatu.EXE</FullName>
      <ModuleName>ProgramZaPlatu</ModuleName>
      <Files>
        <File uid="1" fullPath="c:\Documents and Settings\jelena\My Documents\Dropbox\SharpDevelop Projects\ProgramZaPlatu\ProgramZaPlatu\MainForm.Designer.cs" />
        <File uid="2" fullPath="c:\Documents and Settings\jelena\My Documents\Dropbox\SharpDevelop Projects\ProgramZaPlatu\ProgramZaPlatu\MainForm.cs" />
        <File uid="3" fullPath="c:\Documents and Settings\jelena\My Documents\Dropbox\SharpDevelop Projects\ProgramZaPlatu\ProgramZaPlatu\Program.cs" />
      </Files>
      <Classes>
        <Class>
          <FullName>&lt;Module&gt;</FullName>
          <Methods />
        </Class>
        <Class>
          <FullName>ProgramZaPlatu.MainForm</FullName>
          <Methods>
            <Method visited="false" cyclomaticComplexity="1" sequenceCoverage="0" branchCoverage="0" isConstructor="true" isStatic="false" isGetter="false" isSetter="false">
              <MetadataToken>100663297</MetadataToken>
              <Name>System.Void ProgramZaPlatu.MainForm::.ctor()</Name>
              <FileRef uid="1" />
              <SequencePoints>
                <SequencePoint vc="0" uspid="1" ordinal="0" offset="0" sl="16" sc="3" el="16" ec="62" />
                <SequencePoint vc="0" uspid="2" ordinal="1" offset="7" sl="12" sc="3" el="12" ec="20" />
                <SequencePoint vc="0" uspid="3" ordinal="2" offset="14" sl="13" sc="3" el="13" ec="4" />
                <SequencePoint vc="0" uspid="4" ordinal="3" offset="15" sl="14" sc="4" el="14" ec="26" />
                <SequencePoint vc="0" uspid="5" ordinal="4" offset="22" sl="16" sc="3" el="16" ec="4" />
              </SequencePoints>
              <BranchPoints />
              <MethodPoint xsi:type="SequencePoint" vc="0" uspid="1" ordinal="0" offset="0" sl="16" sc="3" el="16" ec="62" />
            </Method>
            <Method visited="false" cyclomaticComplexity="2" sequenceCoverage="0" branchCoverage="0" isConstructor="false" isStatic="false" isGetter="false" isSetter="false">
              <MetadataToken>100663298</MetadataToken>
              <Name>System.Void ProgramZaPlatu.MainForm::MainFormLoad(System.Object,System.EventArgs)</Name>
              <FileRef uid="2" />
              <SequencePoints>
                <SequencePoint vc="0" uspid="6" ordinal="0" offset="0" sl="19" sc="3" el="19" ec="4" />
                <SequencePoint vc="0" uspid="7" ordinal="1" offset="1" sl="20" sc="4" el="20" ec="146" />
                <SequencePoint vc="0" uspid="8" ordinal="2" offset="7" sl="21" sc="4" el="21" ec="45" />
                <SequencePoint vc="0" uspid="9" ordinal="3" offset="13" sl="23" sc="4" el="23" ec="35" />
                <SequencePoint vc="0" uspid="10" ordinal="4" offset="29" sl="24" sc="5" el="24" ec="6" />
                <SequencePoint vc="0" uspid="11" ordinal="5" offset="30" sl="25" sc="5" el="25" ec="34" />
                <SequencePoint vc="0" uspid="12" ordinal="6" offset="38" sl="26" sc="6" el="26" ec="53" />
                <SequencePoint vc="0" uspid="13" ordinal="7" offset="45" sl="29" sc="6" el="29" ec="61" />
                <SequencePoint vc="0" uspid="14" ordinal="8" offset="68" sl="30" sc="6" el="30" ec="76" />
                <SequencePoint vc="0" uspid="15" ordinal="9" offset="96" sl="31" sc="6" el="31" ec="88" />
                <SequencePoint vc="0" uspid="16" ordinal="10" offset="129" sl="32" sc="6" el="32" ec="100" />
                <SequencePoint vc="0" uspid="17" ordinal="11" offset="167" sl="33" sc="6" el="33" ec="109" />
                <SequencePoint vc="0" uspid="18" ordinal="12" offset="210" sl="34" sc="6" el="34" ec="123" />
                <SequencePoint vc="0" uspid="19" ordinal="13" offset="258" sl="35" sc="6" el="35" ec="135" />
                <SequencePoint vc="0" uspid="20" ordinal="14" offset="311" sl="37" sc="4" el="37" ec="5" />
                <SequencePoint vc="0" uspid="21" ordinal="15" offset="312" sl="38" sc="3" el="38" ec="4" />
              </SequencePoints>
              <BranchPoints>
                <BranchPoint vc="0" uspid="22" ordinal="0" offset="24" path="0" />
                <BranchPoint vc="0" uspid="23" ordinal="1" offset="24" path="1" />
              </BranchPoints>
              <MethodPoint xsi:type="SequencePoint" vc="0" uspid="6" ordinal="0" offset="0" sl="19" sc="3" el="19" ec="4" />
            </Method>
            <Method visited="false" cyclomaticComplexity="1" sequenceCoverage="0" branchCoverage="0" isConstructor="false" isStatic="false" isGetter="false" isSetter="false">
              <MetadataToken>100663299</MetadataToken>
              <Name>System.Void ProgramZaPlatu.MainForm::BtnIzracunajClick(System.Object,System.EventArgs)</Name>
              <FileRef uid="2" />
              <SequencePoints>
                <SequencePoint vc="0" uspid="24" ordinal="0" offset="0" sl="41" sc="3" el="41" ec="4" />
                <SequencePoint vc="0" uspid="25" ordinal="1" offset="1" sl="46" sc="4" el="46" ec="61" />
                <SequencePoint vc="0" uspid="26" ordinal="2" offset="18" sl="48" sc="4" el="48" ec="95" />
                <SequencePoint vc="0" uspid="27" ordinal="3" offset="47" sl="49" sc="4" el="49" ec="103" />
                <SequencePoint vc="0" uspid="28" ordinal="4" offset="76" sl="50" sc="4" el="50" ec="108" />
                <SequencePoint vc="0" uspid="29" ordinal="5" offset="105" sl="51" sc="4" el="51" ec="111" />
                <SequencePoint vc="0" uspid="30" ordinal="6" offset="135" sl="52" sc="4" el="52" ec="102" />
                <SequencePoint vc="0" uspid="31" ordinal="7" offset="165" sl="53" sc="4" el="53" ec="108" />
                <SequencePoint vc="0" uspid="32" ordinal="8" offset="195" sl="54" sc="4" el="54" ec="111" />
                <SequencePoint vc="0" uspid="33" ordinal="9" offset="225" sl="56" sc="4" el="56" ec="87" />
                <SequencePoint vc="0" uspid="34" ordinal="10" offset="243" sl="59" sc="4" el="59" ec="78" />
                <SequencePoint vc="0" uspid="35" ordinal="11" offset="253" sl="60" sc="4" el="60" ec="120" />
                <SequencePoint vc="0" uspid="36" ordinal="12" offset="286" sl="63" sc="4" el="63" ec="83" />
                <SequencePoint vc="0" uspid="37" ordinal="13" offset="303" sl="64" sc="4" el="64" ec="47" />
                <SequencePoint vc="0" uspid="38" ordinal="14" offset="322" sl="68" sc="4" el="68" ec="89" />
                <SequencePoint vc="0" uspid="39" ordinal="15" offset="358" sl="69" sc="4" el="69" ec="78" />
                <SequencePoint vc="0" uspid="40" ordinal="16" offset="387" sl="70" sc="4" el="70" ec="85" />
                <SequencePoint vc="0" uspid="41" ordinal="17" offset="416" sl="71" sc="4" el="71" ec="89" />
                <SequencePoint vc="0" uspid="42" ordinal="18" offset="446" sl="73" sc="4" el="73" ec="80" />
                <SequencePoint vc="0" uspid="43" ordinal="19" offset="476" sl="74" sc="4" el="74" ec="86" />
                <SequencePoint vc="0" uspid="44" ordinal="20" offset="506" sl="75" sc="4" el="75" ec="90" />
                <SequencePoint vc="0" uspid="45" ordinal="21" offset="536" sl="76" sc="3" el="76" ec="4" />
              </SequencePoints>
              <BranchPoints />
              <MethodPoint xsi:type="SequencePoint" vc="0" uspid="24" ordinal="0" offset="0" sl="41" sc="3" el="41" ec="4" />
            </Method>
            <Method visited="false" cyclomaticComplexity="3" sequenceCoverage="0" branchCoverage="0" isConstructor="false" isStatic="false" isGetter="false" isSetter="false">
              <MetadataToken>100663300</MetadataToken>
              <Name>System.Void ProgramZaPlatu.MainForm::Dispose(System.Boolean)</Name>
              <FileRef uid="1" />
              <SequencePoints>
                <SequencePoint vc="0" uspid="46" ordinal="0" offset="0" sl="23" sc="3" el="23" ec="4" />
                <SequencePoint vc="0" uspid="47" ordinal="1" offset="1" sl="24" sc="4" el="24" ec="18" />
                <SequencePoint vc="0" uspid="48" ordinal="2" offset="9" sl="24" sc="19" el="24" ec="20" />
                <SequencePoint vc="0" uspid="49" ordinal="3" offset="10" sl="25" sc="5" el="25" ec="28" />
                <SequencePoint vc="0" uspid="50" ordinal="4" offset="23" sl="25" sc="29" el="25" ec="30" />
                <SequencePoint vc="0" uspid="51" ordinal="5" offset="24" sl="26" sc="6" el="26" ec="27" />
                <SequencePoint vc="0" uspid="52" ordinal="6" offset="36" sl="27" sc="5" el="27" ec="6" />
                <SequencePoint vc="0" uspid="53" ordinal="7" offset="37" sl="28" sc="4" el="28" ec="5" />
                <SequencePoint vc="0" uspid="54" ordinal="8" offset="38" sl="29" sc="4" el="29" ec="28" />
                <SequencePoint vc="0" uspid="55" ordinal="9" offset="46" sl="30" sc="3" el="30" ec="4" />
              </SequencePoints>
              <BranchPoints>
                <BranchPoint vc="0" uspid="56" ordinal="0" offset="7" path="0" />
                <BranchPoint vc="0" uspid="57" ordinal="1" offset="7" path="1" />
                <BranchPoint vc="0" uspid="58" ordinal="2" offset="21" path="0" />
                <BranchPoint vc="0" uspid="59" ordinal="3" offset="21" path="1" />
              </BranchPoints>
              <MethodPoint xsi:type="SequencePoint" vc="0" uspid="46" ordinal="0" offset="0" sl="23" sc="3" el="23" ec="4" />
            </Method>
            <Method visited="false" cyclomaticComplexity="1" sequenceCoverage="0" branchCoverage="0" isConstructor="false" isStatic="false" isGetter="false" isSetter="false">
              <MetadataToken>100663301</MetadataToken>
              <Name>System.Void ProgramZaPlatu.MainForm::InitializeComponent()</Name>
              <FileRef uid="1" />
              <SequencePoints>
                <SequencePoint vc="0" uspid="60" ordinal="0" offset="0" sl="38" sc="3" el="38" ec="4" />
                <SequencePoint vc="0" uspid="61" ordinal="1" offset="1" sl="39" sc="4" el="39" ec="132" />
                <SequencePoint vc="0" uspid="62" ordinal="2" offset="17" sl="40" sc="4" el="40" ec="59" />
                <SequencePoint vc="0" uspid="63" ordinal="3" offset="28" sl="41" sc="4" el="41" ec="57" />
                <SequencePoint vc="0" uspid="64" ordinal="4" offset="39" sl="42" sc="4" el="42" ec="61" />
                <SequencePoint vc="0" uspid="65" ordinal="5" offset="50" sl="43" sc="4" el="43" ec="59" />
                <SequencePoint vc="0" uspid="66" ordinal="6" offset="61" sl="44" sc="4" el="44" ec="61" />
                <SequencePoint vc="0" uspid="67" ordinal="7" offset="72" sl="45" sc="4" el="45" ec="60" />
                <SequencePoint vc="0" uspid="68" ordinal="8" offset="83" sl="46" sc="4" el="46" ec="58" />
                <SequencePoint vc="0" uspid="69" ordinal="9" offset="94" sl="47" sc="4" el="47" ec="65" />
                <SequencePoint vc="0" uspid="70" ordinal="10" offset="105" sl="48" sc="4" el="48" ec="64" />
                <SequencePoint vc="0" uspid="71" ordinal="11" offset="116" sl="49" sc="4" el="49" ec="57" />
                <SequencePoint vc="0" uspid="72" ordinal="12" offset="127" sl="50" sc="4" el="50" ec="67" />
                <SequencePoint vc="0" uspid="73" ordinal="13" offset="138" sl="51" sc="4" el="51" ec="66" />
                <SequencePoint vc="0" uspid="74" ordinal="14" offset="149" sl="52" sc="4" el="52" ec="60" />
                <SequencePoint vc="0" uspid="75" ordinal="15" offset="160" sl="53" sc="4" el="53" ec="67" />
                <SequencePoint vc="0" uspid="76" ordinal="16" offset="171" sl="54" sc="4" el="54" ec="66" />
                <SequencePoint vc="0" uspid="77" ordinal="17" offset="182" sl="55" sc="4" el="55" ec="59" />
                <SequencePoint vc="0" uspid="78" ordinal="18" offset="193" sl="56" sc="4" el="56" ec="63" />
                <SequencePoint vc="0" uspid="79" ordinal="19" offset="204" sl="57" sc="4" el="57" ec="62" />
                <SequencePoint vc="0" uspid="80" ordinal="20" offset="215" sl="58" sc="4" el="58" ec="55" />
                <SequencePoint vc="0" uspid="81" ordinal="21" offset="226" sl="59" sc="4" el="59" ec="65" />
                <SequencePoint vc="0" uspid="82" ordinal="22" offset="237" sl="60" sc="4" el="60" ec="64" />
                <SequencePoint vc="0" uspid="83" ordinal="23" offset="248" sl="61" sc="4" el="61" ec="57" />
                <SequencePoint vc="0" uspid="84" ordinal="24" offset="259" sl="62" sc="4" el="62" ec="65" />
                <SequencePoint vc="0" uspid="85" ordinal="25" offset="270" sl="63" sc="4" el="63" ec="64" />
                <SequencePoint vc="0" uspid="86" ordinal="26" offset="281" sl="64" sc="4" el="64" ec="57" />
                <SequencePoint vc="0" uspid="87" ordinal="27" offset="292" sl="65" sc="4" el="65" ec="58" />
                <SequencePoint vc="0" uspid="88" ordinal="28" offset="303" sl="66" sc="4" el="66" ec="60" />
                <SequencePoint vc="0" uspid="89" ordinal="29" offset="314" sl="67" sc="4" el="67" ec="59" />
                <SequencePoint vc="0" uspid="90" ordinal="30" offset="325" sl="68" sc="4" el="68" ec="61" />
                <SequencePoint vc="0" uspid="91" ordinal="31" offset="336" sl="69" sc="4" el="69" ec="59" />
                <SequencePoint vc="0" uspid="92" ordinal="32" offset="347" sl="70" sc="4" el="70" ec="67" />
                <SequencePoint vc="0" uspid="93" ordinal="33" offset="358" sl="71" sc="4" el="71" ec="59" />
                <SequencePoint vc="0" uspid="94" ordinal="34" offset="369" sl="72" sc="4" el="72" ec="69" />
                <SequencePoint vc="0" uspid="95" ordinal="35" offset="380" sl="73" sc="4" el="73" ec="61" />
                <SequencePoint vc="0" uspid="96" ordinal="36" offset="391" sl="74" sc="4" el="74" ec="69" />
                <SequencePoint vc="0" uspid="97" ordinal="37" offset="402" sl="75" sc="4" el="75" ec="61" />
                <SequencePoint vc="0" uspid="98" ordinal="38" offset="413" sl="76" sc="4" el="76" ec="68" />
                <SequencePoint vc="0" uspid="99" ordinal="39" offset="424" sl="77" sc="4" el="77" ec="70" />
                <SequencePoint vc="0" uspid="100" ordinal="40" offset="435" sl="78" sc="4" el="78" ec="70" />
                <SequencePoint vc="0" uspid="101" ordinal="41" offset="446" sl="79" sc="4" el="79" ec="60" />
                <SequencePoint vc="0" uspid="102" ordinal="42" offset="457" sl="80" sc="4" el="80" ec="51" />
                <SequencePoint vc="0" uspid="103" ordinal="43" offset="468" sl="81" sc="4" el="81" ec="51" />
                <SequencePoint vc="0" uspid="104" ordinal="44" offset="479" sl="82" sc="4" el="82" ec="59" />
                <SequencePoint vc="0" uspid="105" ordinal="45" offset="490" sl="83" sc="4" el="83" ec="72" />
                <SequencePoint vc="0" uspid="106" ordinal="46" offset="501" sl="84" sc="4" el="84" ec="70" />
                <SequencePoint vc="0" uspid="107" ordinal="47" offset="512" sl="85" sc="4" el="85" ec="59" />
                <SequencePoint vc="0" uspid="108" ordinal="48" offset="523" sl="86" sc="4" el="86" ec="57" />
                <SequencePoint vc="0" uspid="109" ordinal="49" offset="534" sl="87" sc="4" el="87" ec="57" />
                <SequencePoint vc="0" uspid="110" ordinal="50" offset="545" sl="88" sc="4" el="88" ec="53" />
                <SequencePoint vc="0" uspid="111" ordinal="51" offset="556" sl="89" sc="4" el="89" ec="25" />
                <SequencePoint vc="0" uspid="112" ordinal="52" offset="563" sl="93" sc="4" el="93" ec="66" />
                <SequencePoint vc="0" uspid="113" ordinal="53" offset="584" sl="94" sc="4" el="94" ec="44" />
                <SequencePoint vc="0" uspid="114" ordinal="54" offset="601" sl="95" sc="4" el="95" ec="62" />
                <SequencePoint vc="0" uspid="115" ordinal="55" offset="622" sl="96" sc="4" el="96" ec="35" />
                <SequencePoint vc="0" uspid="116" ordinal="56" offset="635" sl="97" sc="4" el="97" ec="81" />
                <SequencePoint vc="0" uspid="117" ordinal="57" offset="648" sl="101" sc="4" el="101" ec="67" />
                <SequencePoint vc="0" uspid="118" ordinal="58" offset="672" sl="102" sc="4" el="102" ec="44" />
                <SequencePoint vc="0" uspid="119" ordinal="59" offset="689" sl="103" sc="4" el="103" ec="61" />
                <SequencePoint vc="0" uspid="120" ordinal="60" offset="710" sl="104" sc="4" el="104" ec="35" />
                <SequencePoint vc="0" uspid="121" ordinal="61" offset="723" sl="105" sc="4" el="105" ec="42" />
                <SequencePoint vc="0" uspid="122" ordinal="62" offset="740" sl="106" sc="4" el="106" ec="77" />
                <SequencePoint vc="0" uspid="123" ordinal="63" offset="754" sl="110" sc="4" el="110" ec="69" />
                <SequencePoint vc="0" uspid="124" ordinal="64" offset="778" sl="111" sc="4" el="111" ec="48" />
                <SequencePoint vc="0" uspid="125" ordinal="65" offset="795" sl="112" sc="4" el="112" ec="63" />
                <SequencePoint vc="0" uspid="126" ordinal="66" offset="816" sl="113" sc="4" el="113" ec="37" />
                <SequencePoint vc="0" uspid="127" ordinal="67" offset="829" sl="114" sc="4" el="114" ec="83" />
                <SequencePoint vc="0" uspid="128" ordinal="68" offset="842" sl="118" sc="4" el="118" ec="70" />
                <SequencePoint vc="0" uspid="129" ordinal="69" offset="866" sl="119" sc="4" el="119" ec="48" />
                <SequencePoint vc="0" uspid="130" ordinal="70" offset="883" sl="120" sc="4" el="120" ec="64" />
                <SequencePoint vc="0" uspid="131" ordinal="71" offset="904" sl="121" sc="4" el="121" ec="37" />
                <SequencePoint vc="0" uspid="132" ordinal="72" offset="917" sl="122" sc="4" el="122" ec="46" />
                <SequencePoint vc="0" uspid="133" ordinal="73" offset="934" sl="123" sc="4" el="123" ec="79" />
                <SequencePoint vc="0" uspid="134" ordinal="74" offset="948" sl="127" sc="4" el="127" ec="70" />
                <SequencePoint vc="0" uspid="135" ordinal="75" offset="972" sl="128" sc="4" el="128" ec="50" />
                <SequencePoint vc="0" uspid="136" ordinal="76" offset="989" sl="129" sc="4" el="129" ec="64" />
                <SequencePoint vc="0" uspid="137" ordinal="77" offset="1010" sl="130" sc="4" el="130" ec="38" />
                <SequencePoint vc="0" uspid="138" ordinal="78" offset="1023" sl="131" sc="4" el="131" ec="36" />
                <SequencePoint vc="0" uspid="139" ordinal="79" offset="1040" sl="132" sc="4" el="132" ec="56" />
                <SequencePoint vc="0" uspid="140" ordinal="80" offset="1053" sl="136" sc="4" el="136" ec="68" />
                <SequencePoint vc="0" uspid="141" ordinal="81" offset="1077" sl="137" sc="4" el="137" ec="46" />
                <SequencePoint vc="0" uspid="142" ordinal="82" offset="1094" sl="138" sc="4" el="138" ec="39" />
                <SequencePoint vc="0" uspid="143" ordinal="83" offset="1107" sl="139" sc="4" el="139" ec="63" />
                <SequencePoint vc="0" uspid="144" ordinal="84" offset="1128" sl="140" sc="4" el="140" ec="36" />
                <SequencePoint vc="0" uspid="145" ordinal="85" offset="1141" sl="141" sc="4" el="141" ec="82" />
                <SequencePoint vc="0" uspid="146" ordinal="86" offset="1154" sl="145" sc="4" el="145" ec="68" />
                <SequencePoint vc="0" uspid="147" ordinal="87" offset="1178" sl="146" sc="4" el="146" ec="46" />
                <SequencePoint vc="0" uspid="148" ordinal="88" offset="1195" sl="147" sc="4" el="147" ec="62" />
                <SequencePoint vc="0" uspid="149" ordinal="89" offset="1216" sl="148" sc="4" el="148" ec="36" />
                <SequencePoint vc="0" uspid="150" ordinal="90" offset="1229" sl="149" sc="4" el="149" ec="44" />
                <SequencePoint vc="0" uspid="151" ordinal="91" offset="1246" sl="150" sc="4" el="150" ec="78" />
                <SequencePoint vc="0" uspid="152" ordinal="92" offset="1260" sl="154" sc="4" el="154" ec="74" />
                <SequencePoint vc="0" uspid="153" ordinal="93" offset="1284" sl="155" sc="4" el="155" ec="58" />
                <SequencePoint vc="0" uspid="154" ordinal="94" offset="1301" sl="156" sc="4" el="156" ec="68" />
                <SequencePoint vc="0" uspid="155" ordinal="95" offset="1322" sl="157" sc="4" el="157" ec="42" />
                <SequencePoint vc="0" uspid="156" ordinal="96" offset="1335" sl="158" sc="4" el="158" ec="40" />
                <SequencePoint vc="0" uspid="157" ordinal="97" offset="1352" sl="159" sc="4" el="159" ec="60" />
                <SequencePoint vc="0" uspid="158" ordinal="98" offset="1365" sl="163" sc="4" el="163" ec="72" />
                <SequencePoint vc="0" uspid="159" ordinal="99" offset="1389" sl="164" sc="4" el="164" ec="54" />
                <SequencePoint vc="0" uspid="160" ordinal="100" offset="1406" sl="165" sc="4" el="165" ec="66" />
                <SequencePoint vc="0" uspid="161" ordinal="101" offset="1427" sl="166" sc="4" el="166" ec="40" />
                <SequencePoint vc="0" uspid="162" ordinal="102" offset="1440" sl="167" sc="4" el="167" ec="86" />
                <SequencePoint vc="0" uspid="163" ordinal="103" offset="1453" sl="171" sc="4" el="171" ec="68" />
                <SequencePoint vc="0" uspid="164" ordinal="104" offset="1477" sl="172" sc="4" el="172" ec="44" />
                <SequencePoint vc="0" uspid="165" ordinal="105" offset="1494" sl="173" sc="4" el="173" ec="61" />
                <SequencePoint vc="0" uspid="166" ordinal="106" offset="1515" sl="174" sc="4" el="174" ec="35" />
                <SequencePoint vc="0" uspid="167" ordinal="107" offset="1529" sl="175" sc="4" el="175" ec="45" />
                <SequencePoint vc="0" uspid="168" ordinal="108" offset="1546" sl="176" sc="4" el="176" ec="77" />
                <SequencePoint vc="0" uspid="169" ordinal="109" offset="1560" sl="180" sc="4" el="180" ec="76" />
                <SequencePoint vc="0" uspid="170" ordinal="110" offset="1584" sl="181" sc="4" el="181" ec="62" />
                <SequencePoint vc="0" uspid="171" ordinal="111" offset="1601" sl="182" sc="4" el="182" ec="70" />
                <SequencePoint vc="0" uspid="172" ordinal="112" offset="1622" sl="183" sc="4" el="183" ec="45" />
                <SequencePoint vc="0" uspid="173" ordinal="113" offset="1636" sl="184" sc="4" el="184" ec="42" />
                <SequencePoint vc="0" uspid="174" ordinal="114" offset="1653" sl="185" sc="4" el="185" ec="62" />
                <SequencePoint vc="0" uspid="175" ordinal="115" offset="1666" sl="189" sc="4" el="189" ec="74" />
                <SequencePoint vc="0" uspid="176" ordinal="116" offset="1690" sl="190" sc="4" el="190" ec="58" />
                <SequencePoint vc="0" uspid="177" ordinal="117" offset="1707" sl="191" sc="4" el="191" ec="68" />
                <SequencePoint vc="0" uspid="178" ordinal="118" offset="1728" sl="192" sc="4" el="192" ec="43" />
                <SequencePoint vc="0" uspid="179" ordinal="119" offset="1742" sl="193" sc="4" el="193" ec="88" />
                <SequencePoint vc="0" uspid="180" ordinal="120" offset="1755" sl="197" sc="4" el="197" ec="71" />
                <SequencePoint vc="0" uspid="181" ordinal="121" offset="1779" sl="198" sc="4" el="198" ec="50" />
                <SequencePoint vc="0" uspid="182" ordinal="122" offset="1796" sl="199" sc="4" el="199" ec="65" />
                <SequencePoint vc="0" uspid="183" ordinal="123" offset="1817" sl="200" sc="4" el="200" ec="39" />
                <SequencePoint vc="0" uspid="184" ordinal="124" offset="1831" sl="201" sc="4" el="201" ec="54" />
                <SequencePoint vc="0" uspid="185" ordinal="125" offset="1848" sl="202" sc="4" el="202" ec="80" />
                <SequencePoint vc="0" uspid="186" ordinal="126" offset="1862" sl="206" sc="4" el="206" ec="76" />
                <SequencePoint vc="0" uspid="187" ordinal="127" offset="1886" sl="207" sc="4" el="207" ec="62" />
                <SequencePoint vc="0" uspid="188" ordinal="128" offset="1903" sl="208" sc="4" el="208" ec="70" />
                <SequencePoint vc="0" uspid="189" ordinal="129" offset="1924" sl="209" sc="4" el="209" ec="45" />
                <SequencePoint vc="0" uspid="190" ordinal="130" offset="1938" sl="210" sc="4" el="210" ec="42" />
                <SequencePoint vc="0" uspid="191" ordinal="131" offset="1955" sl="211" sc="4" el="211" ec="62" />
                <SequencePoint vc="0" uspid="192" ordinal="132" offset="1968" sl="215" sc="4" el="215" ec="74" />
                <SequencePoint vc="0" uspid="193" ordinal="133" offset="1992" sl="216" sc="4" el="216" ec="58" />
                <SequencePoint vc="0" uspid="194" ordinal="134" offset="2009" sl="217" sc="4" el="217" ec="68" />
                <SequencePoint vc="0" uspid="195" ordinal="135" offset="2030" sl="218" sc="4" el="218" ec="43" />
                <SequencePoint vc="0" uspid="196" ordinal="136" offset="2044" sl="219" sc="4" el="219" ec="88" />
                <SequencePoint vc="0" uspid="197" ordinal="137" offset="2057" sl="223" sc="4" el="223" ec="70" />
                <SequencePoint vc="0" uspid="198" ordinal="138" offset="2081" sl="224" sc="4" el="224" ec="48" />
                <SequencePoint vc="0" uspid="199" ordinal="139" offset="2098" sl="225" sc="4" el="225" ec="64" />
                <SequencePoint vc="0" uspid="200" ordinal="140" offset="2122" sl="226" sc="4" el="226" ec="38" />
                <SequencePoint vc="0" uspid="201" ordinal="141" offset="2136" sl="227" sc="4" el="227" ec="57" />
                <SequencePoint vc="0" uspid="202" ordinal="142" offset="2153" sl="228" sc="4" el="228" ec="79" />
                <SequencePoint vc="0" uspid="203" ordinal="143" offset="2167" sl="232" sc="4" el="232" ec="72" />
                <SequencePoint vc="0" uspid="204" ordinal="144" offset="2191" sl="233" sc="4" el="233" ec="54" />
                <SequencePoint vc="0" uspid="205" ordinal="145" offset="2208" sl="234" sc="4" el="234" ec="66" />
                <SequencePoint vc="0" uspid="206" ordinal="146" offset="2229" sl="235" sc="4" el="235" ec="41" />
                <SequencePoint vc="0" uspid="207" ordinal="147" offset="2243" sl="236" sc="4" el="236" ec="38" />
                <SequencePoint vc="0" uspid="208" ordinal="148" offset="2260" sl="237" sc="4" el="237" ec="58" />
                <SequencePoint vc="0" uspid="209" ordinal="149" offset="2273" sl="241" sc="4" el="241" ec="71" />
                <SequencePoint vc="0" uspid="210" ordinal="150" offset="2297" sl="242" sc="4" el="242" ec="50" />
                <SequencePoint vc="0" uspid="211" ordinal="151" offset="2314" sl="243" sc="4" el="243" ec="64" />
                <SequencePoint vc="0" uspid="212" ordinal="152" offset="2335" sl="244" sc="4" el="244" ec="39" />
                <SequencePoint vc="0" uspid="213" ordinal="153" offset="2349" sl="245" sc="4" el="245" ec="84" />
                <SequencePoint vc="0" uspid="214" ordinal="154" offset="2362" sl="249" sc="4" el="249" ec="66" />
                <SequencePoint vc="0" uspid="215" ordinal="155" offset="2389" sl="250" sc="4" el="250" ec="40" />
                <SequencePoint vc="0" uspid="216" ordinal="156" offset="2406" sl="251" sc="4" el="251" ec="60" />
                <SequencePoint vc="0" uspid="217" ordinal="157" offset="2427" sl="252" sc="4" el="252" ec="34" />
                <SequencePoint vc="0" uspid="218" ordinal="158" offset="2441" sl="253" sc="4" el="253" ec="44" />
                <SequencePoint vc="0" uspid="219" ordinal="159" offset="2458" sl="254" sc="4" el="254" ec="75" />
                <SequencePoint vc="0" uspid="220" ordinal="160" offset="2472" sl="258" sc="4" el="258" ec="74" />
                <SequencePoint vc="0" uspid="221" ordinal="161" offset="2496" sl="259" sc="4" el="259" ec="58" />
                <SequencePoint vc="0" uspid="222" ordinal="162" offset="2513" sl="260" sc="4" el="260" ec="68" />
                <SequencePoint vc="0" uspid="223" ordinal="163" offset="2534" sl="261" sc="4" el="261" ec="43" />
                <SequencePoint vc="0" uspid="224" ordinal="164" offset="2548" sl="262" sc="4" el="262" ec="40" />
                <SequencePoint vc="0" uspid="225" ordinal="165" offset="2565" sl="263" sc="4" el="263" ec="60" />
                <SequencePoint vc="0" uspid="226" ordinal="166" offset="2578" sl="267" sc="4" el="267" ec="73" />
                <SequencePoint vc="0" uspid="227" ordinal="167" offset="2602" sl="268" sc="4" el="268" ec="54" />
                <SequencePoint vc="0" uspid="228" ordinal="168" offset="2619" sl="269" sc="4" el="269" ec="66" />
                <SequencePoint vc="0" uspid="229" ordinal="169" offset="2640" sl="270" sc="4" el="270" ec="41" />
                <SequencePoint vc="0" uspid="230" ordinal="170" offset="2654" sl="271" sc="4" el="271" ec="86" />
                <SequencePoint vc="0" uspid="231" ordinal="171" offset="2667" sl="275" sc="4" el="275" ec="68" />
                <SequencePoint vc="0" uspid="232" ordinal="172" offset="2694" sl="276" sc="4" el="276" ec="44" />
                <SequencePoint vc="0" uspid="233" ordinal="173" offset="2711" sl="277" sc="4" el="277" ec="62" />
                <SequencePoint vc="0" uspid="234" ordinal="174" offset="2732" sl="278" sc="4" el="278" ec="36" />
                <SequencePoint vc="0" uspid="235" ordinal="175" offset="2746" sl="279" sc="4" el="279" ec="52" />
                <SequencePoint vc="0" uspid="236" ordinal="176" offset="2763" sl="280" sc="4" el="280" ec="77" />
                <SequencePoint vc="0" uspid="237" ordinal="177" offset="2777" sl="284" sc="4" el="284" ec="74" />
                <SequencePoint vc="0" uspid="238" ordinal="178" offset="2801" sl="285" sc="4" el="285" ec="58" />
                <SequencePoint vc="0" uspid="239" ordinal="179" offset="2818" sl="286" sc="4" el="286" ec="68" />
                <SequencePoint vc="0" uspid="240" ordinal="180" offset="2839" sl="287" sc="4" el="287" ec="43" />
                <SequencePoint vc="0" uspid="241" ordinal="181" offset="2853" sl="288" sc="4" el="288" ec="40" />
                <SequencePoint vc="0" uspid="242" ordinal="182" offset="2870" sl="289" sc="4" el="289" ec="60" />
                <SequencePoint vc="0" uspid="243" ordinal="183" offset="2883" sl="293" sc="4" el="293" ec="73" />
                <SequencePoint vc="0" uspid="244" ordinal="184" offset="2907" sl="294" sc="4" el="294" ec="54" />
                <SequencePoint vc="0" uspid="245" ordinal="185" offset="2924" sl="295" sc="4" el="295" ec="66" />
                <SequencePoint vc="0" uspid="246" ordinal="186" offset="2945" sl="296" sc="4" el="296" ec="41" />
                <SequencePoint vc="0" uspid="247" ordinal="187" offset="2959" sl="297" sc="4" el="297" ec="86" />
                <SequencePoint vc="0" uspid="248" ordinal="188" offset="2972" sl="301" sc="4" el="301" ec="68" />
                <SequencePoint vc="0" uspid="249" ordinal="189" offset="2999" sl="302" sc="4" el="302" ec="44" />
                <SequencePoint vc="0" uspid="250" ordinal="190" offset="3016" sl="303" sc="4" el="303" ec="62" />
                <SequencePoint vc="0" uspid="251" ordinal="191" offset="3040" sl="304" sc="4" el="304" ec="36" />
                <SequencePoint vc="0" uspid="252" ordinal="192" offset="3054" sl="305" sc="4" el="305" ec="56" />
                <SequencePoint vc="0" uspid="253" ordinal="193" offset="3071" sl="306" sc="4" el="306" ec="77" />
                <SequencePoint vc="0" uspid="254" ordinal="194" offset="3085" sl="310" sc="4" el="310" ec="118" />
                <SequencePoint vc="0" uspid="255" ordinal="195" offset="3113" sl="311" sc="4" el="311" ec="87" />
                <SequencePoint vc="0" uspid="256" ordinal="196" offset="3126" sl="312" sc="4" el="312" ec="150" />
                <SequencePoint vc="0" uspid="257" ordinal="197" offset="3160" sl="313" sc="4" el="313" ec="80" />
                <SequencePoint vc="0" uspid="258" ordinal="198" offset="3177" sl="314" sc="4" el="314" ec="68" />
                <SequencePoint vc="0" uspid="259" ordinal="199" offset="3204" sl="315" sc="4" el="315" ec="44" />
                <SequencePoint vc="0" uspid="260" ordinal="200" offset="3221" sl="316" sc="4" el="316" ec="61" />
                <SequencePoint vc="0" uspid="261" ordinal="201" offset="3242" sl="317" sc="4" el="317" ec="36" />
                <SequencePoint vc="0" uspid="262" ordinal="202" offset="3256" sl="318" sc="4" el="318" ec="41" />
                <SequencePoint vc="0" uspid="263" ordinal="203" offset="3273" sl="319" sc="4" el="319" ec="53" />
                <SequencePoint vc="0" uspid="264" ordinal="204" offset="3286" sl="320" sc="4" el="320" ec="79" />
                <SequencePoint vc="0" uspid="265" ordinal="205" offset="3310" sl="324" sc="4" el="324" ec="122" />
                <SequencePoint vc="0" uspid="266" ordinal="206" offset="3338" sl="325" sc="4" el="325" ec="89" />
                <SequencePoint vc="0" uspid="267" ordinal="207" offset="3351" sl="326" sc="4" el="326" ec="152" />
                <SequencePoint vc="0" uspid="268" ordinal="208" offset="3385" sl="327" sc="4" el="327" ec="82" />
                <SequencePoint vc="0" uspid="269" ordinal="209" offset="3402" sl="328" sc="4" el="328" ec="70" />
                <SequencePoint vc="0" uspid="270" ordinal="210" offset="3429" sl="329" sc="4" el="329" ec="48" />
                <SequencePoint vc="0" uspid="271" ordinal="211" offset="3446" sl="330" sc="4" el="330" ec="63" />
                <SequencePoint vc="0" uspid="272" ordinal="212" offset="3467" sl="331" sc="4" el="331" ec="38" />
                <SequencePoint vc="0" uspid="273" ordinal="213" offset="3481" sl="332" sc="4" el="332" ec="47" />
                <SequencePoint vc="0" uspid="274" ordinal="214" offset="3498" sl="333" sc="4" el="333" ec="55" />
                <SequencePoint vc="0" uspid="275" ordinal="215" offset="3511" sl="337" sc="4" el="337" ec="120" />
                <SequencePoint vc="0" uspid="276" ordinal="216" offset="3539" sl="338" sc="4" el="338" ec="88" />
                <SequencePoint vc="0" uspid="277" ordinal="217" offset="3552" sl="339" sc="4" el="339" ec="151" />
                <SequencePoint vc="0" uspid="278" ordinal="218" offset="3586" sl="340" sc="4" el="340" ec="81" />
                <SequencePoint vc="0" uspid="279" ordinal="219" offset="3603" sl="341" sc="4" el="341" ec="68" />
                <SequencePoint vc="0" uspid="280" ordinal="220" offset="3627" sl="342" sc="4" el="342" ec="46" />
                <SequencePoint vc="0" uspid="281" ordinal="221" offset="3644" sl="343" sc="4" el="343" ec="62" />
                <SequencePoint vc="0" uspid="282" ordinal="222" offset="3665" sl="344" sc="4" el="344" ec="37" />
                <SequencePoint vc="0" uspid="283" ordinal="223" offset="3679" sl="345" sc="4" el="345" ec="44" />
                <SequencePoint vc="0" uspid="284" ordinal="224" offset="3696" sl="346" sc="4" el="346" ec="54" />
                <SequencePoint vc="0" uspid="285" ordinal="225" offset="3709" sl="350" sc="4" el="350" ec="70" />
                <SequencePoint vc="0" uspid="286" ordinal="226" offset="3736" sl="351" sc="4" el="351" ec="48" />
                <SequencePoint vc="0" uspid="287" ordinal="227" offset="3753" sl="352" sc="4" el="352" ec="40" />
                <SequencePoint vc="0" uspid="288" ordinal="228" offset="3766" sl="353" sc="4" el="353" ec="64" />
                <SequencePoint vc="0" uspid="289" ordinal="229" offset="3787" sl="354" sc="4" el="354" ec="38" />
                <SequencePoint vc="0" uspid="290" ordinal="230" offset="3801" sl="355" sc="4" el="355" ec="83" />
                <SequencePoint vc="0" uspid="291" ordinal="231" offset="3814" sl="359" sc="4" el="359" ec="70" />
                <SequencePoint vc="0" uspid="292" ordinal="232" offset="3841" sl="360" sc="4" el="360" ec="48" />
                <SequencePoint vc="0" uspid="293" ordinal="233" offset="3858" sl="361" sc="4" el="361" ec="64" />
                <SequencePoint vc="0" uspid="294" ordinal="234" offset="3879" sl="362" sc="4" el="362" ec="38" />
                <SequencePoint vc="0" uspid="295" ordinal="235" offset="3893" sl="363" sc="4" el="363" ec="46" />
                <SequencePoint vc="0" uspid="296" ordinal="236" offset="3910" sl="364" sc="4" el="364" ec="79" />
                <SequencePoint vc="0" uspid="297" ordinal="237" offset="3924" sl="368" sc="4" el="368" ec="76" />
                <SequencePoint vc="0" uspid="298" ordinal="238" offset="3951" sl="369" sc="4" el="369" ec="60" />
                <SequencePoint vc="0" uspid="299" ordinal="239" offset="3968" sl="370" sc="4" el="370" ec="46" />
                <SequencePoint vc="0" uspid="300" ordinal="240" offset="3981" sl="371" sc="4" el="371" ec="70" />
                <SequencePoint vc="0" uspid="301" ordinal="241" offset="4002" sl="372" sc="4" el="372" ec="44" />
                <SequencePoint vc="0" uspid="302" ordinal="242" offset="4016" sl="373" sc="4" el="373" ec="89" />
                <SequencePoint vc="0" uspid="303" ordinal="243" offset="4029" sl="377" sc="4" el="377" ec="70" />
                <SequencePoint vc="0" uspid="304" ordinal="244" offset="4056" sl="378" sc="4" el="378" ec="48" />
                <SequencePoint vc="0" uspid="305" ordinal="245" offset="4073" sl="379" sc="4" el="379" ec="64" />
                <SequencePoint vc="0" uspid="306" ordinal="246" offset="4094" sl="380" sc="4" el="380" ec="38" />
                <SequencePoint vc="0" uspid="307" ordinal="247" offset="4108" sl="381" sc="4" el="381" ec="53" />
                <SequencePoint vc="0" uspid="308" ordinal="248" offset="4125" sl="382" sc="4" el="382" ec="79" />
                <SequencePoint vc="0" uspid="309" ordinal="249" offset="4139" sl="386" sc="4" el="386" ec="78" />
                <SequencePoint vc="0" uspid="310" ordinal="250" offset="4166" sl="387" sc="4" el="387" ec="64" />
                <SequencePoint vc="0" uspid="311" ordinal="251" offset="4183" sl="388" sc="4" el="388" ec="48" />
                <SequencePoint vc="0" uspid="312" ordinal="252" offset="4196" sl="389" sc="4" el="389" ec="72" />
                <SequencePoint vc="0" uspid="313" ordinal="253" offset="4217" sl="390" sc="4" el="390" ec="46" />
                <SequencePoint vc="0" uspid="314" ordinal="254" offset="4231" sl="391" sc="4" el="391" ec="91" />
                <SequencePoint vc="0" uspid="315" ordinal="255" offset="4244" sl="395" sc="4" el="395" ec="72" />
                <SequencePoint vc="0" uspid="316" ordinal="256" offset="4271" sl="396" sc="4" el="396" ec="52" />
                <SequencePoint vc="0" uspid="317" ordinal="257" offset="4288" sl="397" sc="4" el="397" ec="66" />
                <SequencePoint vc="0" uspid="318" ordinal="258" offset="4312" sl="398" sc="4" el="398" ec="40" />
                <SequencePoint vc="0" uspid="319" ordinal="259" offset="4326" sl="399" sc="4" el="399" ec="63" />
                <SequencePoint vc="0" uspid="320" ordinal="260" offset="4343" sl="403" sc="4" el="403" ec="78" />
                <SequencePoint vc="0" uspid="321" ordinal="261" offset="4370" sl="404" sc="4" el="404" ec="64" />
                <SequencePoint vc="0" uspid="322" ordinal="262" offset="4387" sl="405" sc="4" el="405" ec="48" />
                <SequencePoint vc="0" uspid="323" ordinal="263" offset="4400" sl="406" sc="4" el="406" ec="72" />
                <SequencePoint vc="0" uspid="324" ordinal="264" offset="4421" sl="407" sc="4" el="407" ec="46" />
                <SequencePoint vc="0" uspid="325" ordinal="265" offset="4435" sl="408" sc="4" el="408" ec="91" />
                <SequencePoint vc="0" uspid="326" ordinal="266" offset="4448" sl="412" sc="4" el="412" ec="72" />
                <SequencePoint vc="0" uspid="327" ordinal="267" offset="4475" sl="413" sc="4" el="413" ec="52" />
                <SequencePoint vc="0" uspid="328" ordinal="268" offset="4492" sl="414" sc="4" el="414" ec="66" />
                <SequencePoint vc="0" uspid="329" ordinal="269" offset="4513" sl="415" sc="4" el="415" ec="40" />
                <SequencePoint vc="0" uspid="330" ordinal="270" offset="4527" sl="416" sc="4" el="416" ec="55" />
                <SequencePoint vc="0" uspid="331" ordinal="271" offset="4544" sl="417" sc="4" el="417" ec="81" />
                <SequencePoint vc="0" uspid="332" ordinal="272" offset="4558" sl="421" sc="4" el="421" ec="77" />
                <SequencePoint vc="0" uspid="333" ordinal="273" offset="4585" sl="422" sc="4" el="422" ec="62" />
                <SequencePoint vc="0" uspid="334" ordinal="274" offset="4602" sl="423" sc="4" el="423" ec="47" />
                <SequencePoint vc="0" uspid="335" ordinal="275" offset="4615" sl="424" sc="4" el="424" ec="71" />
                <SequencePoint vc="0" uspid="336" ordinal="276" offset="4636" sl="425" sc="4" el="425" ec="45" />
                <SequencePoint vc="0" uspid="337" ordinal="277" offset="4650" sl="426" sc="4" el="426" ec="90" />
                <SequencePoint vc="0" uspid="338" ordinal="278" offset="4663" sl="430" sc="4" el="430" ec="79" />
                <SequencePoint vc="0" uspid="339" ordinal="279" offset="4690" sl="431" sc="4" el="431" ec="66" />
                <SequencePoint vc="0" uspid="340" ordinal="280" offset="4707" sl="432" sc="4" el="432" ec="49" />
                <SequencePoint vc="0" uspid="341" ordinal="281" offset="4720" sl="433" sc="4" el="433" ec="73" />
                <SequencePoint vc="0" uspid="342" ordinal="282" offset="4741" sl="434" sc="4" el="434" ec="47" />
                <SequencePoint vc="0" uspid="343" ordinal="283" offset="4755" sl="435" sc="4" el="435" ec="92" />
                <SequencePoint vc="0" uspid="344" ordinal="284" offset="4768" sl="439" sc="4" el="439" ec="79" />
                <SequencePoint vc="0" uspid="345" ordinal="285" offset="4795" sl="440" sc="4" el="440" ec="66" />
                <SequencePoint vc="0" uspid="346" ordinal="286" offset="4812" sl="441" sc="4" el="441" ec="49" />
                <SequencePoint vc="0" uspid="347" ordinal="287" offset="4825" sl="442" sc="4" el="442" ec="73" />
                <SequencePoint vc="0" uspid="348" ordinal="288" offset="4846" sl="443" sc="4" el="443" ec="47" />
                <SequencePoint vc="0" uspid="349" ordinal="289" offset="4860" sl="444" sc="4" el="444" ec="92" />
                <SequencePoint vc="0" uspid="350" ordinal="290" offset="4873" sl="448" sc="4" el="448" ec="71" />
                <SequencePoint vc="0" uspid="351" ordinal="291" offset="4900" sl="449" sc="4" el="449" ec="50" />
                <SequencePoint vc="0" uspid="352" ordinal="292" offset="4917" sl="450" sc="4" el="450" ec="65" />
                <SequencePoint vc="0" uspid="353" ordinal="293" offset="4938" sl="451" sc="4" el="451" ec="39" />
                <SequencePoint vc="0" uspid="354" ordinal="294" offset="4952" sl="452" sc="4" el="452" ec="55" />
                <SequencePoint vc="0" uspid="355" ordinal="295" offset="4969" sl="453" sc="4" el="453" ec="80" />
                <SequencePoint vc="0" uspid="356" ordinal="296" offset="4983" sl="457" sc="4" el="457" ec="62" />
                <SequencePoint vc="0" uspid="357" ordinal="297" offset="5010" sl="458" sc="4" el="458" ec="32" />
                <SequencePoint vc="0" uspid="358" ordinal="298" offset="5027" sl="459" sc="4" el="459" ec="56" />
                <SequencePoint vc="0" uspid="359" ordinal="299" offset="5048" sl="460" sc="4" el="460" ec="30" />
                <SequencePoint vc="0" uspid="360" ordinal="300" offset="5062" sl="461" sc="4" el="461" ec="43" />
                <SequencePoint vc="0" uspid="361" ordinal="301" offset="5079" sl="462" sc="4" el="462" ec="71" />
                <SequencePoint vc="0" uspid="362" ordinal="302" offset="5093" sl="466" sc="4" el="466" ec="62" />
                <SequencePoint vc="0" uspid="363" ordinal="303" offset="5120" sl="467" sc="4" el="467" ec="32" />
                <SequencePoint vc="0" uspid="364" ordinal="304" offset="5137" sl="468" sc="4" el="468" ec="56" />
                <SequencePoint vc="0" uspid="365" ordinal="305" offset="5158" sl="469" sc="4" el="469" ec="30" />
                <SequencePoint vc="0" uspid="366" ordinal="306" offset="5172" sl="470" sc="4" el="470" ec="45" />
                <SequencePoint vc="0" uspid="367" ordinal="307" offset="5189" sl="471" sc="4" el="471" ec="71" />
                <SequencePoint vc="0" uspid="368" ordinal="308" offset="5203" sl="475" sc="4" el="475" ec="69" />
                <SequencePoint vc="0" uspid="369" ordinal="309" offset="5227" sl="476" sc="4" el="476" ec="48" />
                <SequencePoint vc="0" uspid="370" ordinal="310" offset="5244" sl="477" sc="4" el="477" ec="64" />
                <SequencePoint vc="0" uspid="371" ordinal="311" offset="5265" sl="478" sc="4" el="478" ec="38" />
                <SequencePoint vc="0" uspid="372" ordinal="312" offset="5279" sl="479" sc="4" el="479" ec="47" />
                <SequencePoint vc="0" uspid="373" ordinal="313" offset="5296" sl="480" sc="4" el="480" ec="79" />
                <SequencePoint vc="0" uspid="374" ordinal="314" offset="5310" sl="484" sc="4" el="484" ec="80" />
                <SequencePoint vc="0" uspid="375" ordinal="315" offset="5334" sl="485" sc="4" el="485" ec="70" />
                <SequencePoint vc="0" uspid="376" ordinal="316" offset="5351" sl="486" sc="4" el="486" ec="75" />
                <SequencePoint vc="0" uspid="377" ordinal="317" offset="5372" sl="487" sc="4" el="487" ec="49" />
                <SequencePoint vc="0" uspid="378" ordinal="318" offset="5386" sl="488" sc="4" el="488" ec="94" />
                <SequencePoint vc="0" uspid="379" ordinal="319" offset="5399" sl="492" sc="4" el="492" ec="81" />
                <SequencePoint vc="0" uspid="380" ordinal="320" offset="5426" sl="493" sc="4" el="493" ec="70" />
                <SequencePoint vc="0" uspid="381" ordinal="321" offset="5443" sl="494" sc="4" el="494" ec="75" />
                <SequencePoint vc="0" uspid="382" ordinal="322" offset="5464" sl="495" sc="4" el="495" ec="49" />
                <SequencePoint vc="0" uspid="383" ordinal="323" offset="5478" sl="496" sc="4" el="496" ec="62" />
                <SequencePoint vc="0" uspid="384" ordinal="324" offset="5495" sl="497" sc="4" el="497" ec="90" />
                <SequencePoint vc="0" uspid="385" ordinal="325" offset="5509" sl="501" sc="4" el="501" ec="68" />
                <SequencePoint vc="0" uspid="386" ordinal="326" offset="5530" sl="502" sc="4" el="502" ec="48" />
                <SequencePoint vc="0" uspid="387" ordinal="327" offset="5547" sl="503" sc="4" el="503" ec="64" />
                <SequencePoint vc="0" uspid="388" ordinal="328" offset="5568" sl="504" sc="4" el="504" ec="38" />
                <SequencePoint vc="0" uspid="389" ordinal="329" offset="5582" sl="505" sc="4" el="505" ec="46" />
                <SequencePoint vc="0" uspid="390" ordinal="330" offset="5599" sl="506" sc="4" el="506" ec="79" />
                <SequencePoint vc="0" uspid="391" ordinal="331" offset="5613" sl="510" sc="4" el="510" ec="44" />
                <SequencePoint vc="0" uspid="392" ordinal="332" offset="5626" sl="511" sc="4" el="511" ec="63" />
                <SequencePoint vc="0" uspid="393" ordinal="333" offset="5647" sl="512" sc="4" el="512" ec="38" />
                <SequencePoint vc="0" uspid="394" ordinal="334" offset="5664" sl="513" sc="4" el="513" ec="59" />
                <SequencePoint vc="0" uspid="395" ordinal="335" offset="5688" sl="514" sc="4" el="514" ec="33" />
                <SequencePoint vc="0" uspid="396" ordinal="336" offset="5702" sl="518" sc="4" el="518" ec="44" />
                <SequencePoint vc="0" uspid="397" ordinal="337" offset="5715" sl="519" sc="4" el="519" ec="63" />
                <SequencePoint vc="0" uspid="398" ordinal="338" offset="5736" sl="520" sc="4" el="520" ec="38" />
                <SequencePoint vc="0" uspid="399" ordinal="339" offset="5753" sl="521" sc="4" el="521" ec="59" />
                <SequencePoint vc="0" uspid="400" ordinal="340" offset="5777" sl="522" sc="4" el="522" ec="33" />
                <SequencePoint vc="0" uspid="401" ordinal="341" offset="5791" sl="526" sc="4" el="526" ec="62" />
                <SequencePoint vc="0" uspid="402" ordinal="342" offset="5815" sl="527" sc="4" el="527" ec="34" />
                <SequencePoint vc="0" uspid="403" ordinal="343" offset="5832" sl="528" sc="4" el="528" ec="56" />
                <SequencePoint vc="0" uspid="404" ordinal="344" offset="5853" sl="529" sc="4" el="529" ec="31" />
                <SequencePoint vc="0" uspid="405" ordinal="345" offset="5867" sl="530" sc="4" el="530" ec="28" />
                <SequencePoint vc="0" uspid="406" ordinal="346" offset="5884" sl="531" sc="4" el="531" ec="48" />
                <SequencePoint vc="0" uspid="407" ordinal="347" offset="5897" sl="535" sc="4" el="535" ec="65" />
                <SequencePoint vc="0" uspid="408" ordinal="348" offset="5919" sl="536" sc="4" el="536" ec="65" />
                <SequencePoint vc="0" uspid="409" ordinal="349" offset="5927" sl="537" sc="4" el="537" ec="56" />
                <SequencePoint vc="0" uspid="410" ordinal="350" offset="5949" sl="538" sc="4" el="538" ec="36" />
                <SequencePoint vc="0" uspid="411" ordinal="351" offset="5967" sl="539" sc="4" el="539" ec="38" />
                <SequencePoint vc="0" uspid="412" ordinal="352" offset="5985" sl="540" sc="4" el="540" ec="38" />
                <SequencePoint vc="0" uspid="413" ordinal="353" offset="6003" sl="541" sc="4" el="541" ec="43" />
                <SequencePoint vc="0" uspid="414" ordinal="354" offset="6021" sl="542" sc="4" el="542" ec="54" />
                <SequencePoint vc="0" uspid="415" ordinal="355" offset="6039" sl="543" sc="4" el="543" ec="54" />
                <SequencePoint vc="0" uspid="416" ordinal="356" offset="6057" sl="544" sc="4" el="544" ec="43" />
                <SequencePoint vc="0" uspid="417" ordinal="357" offset="6075" sl="545" sc="4" el="545" ec="35" />
                <SequencePoint vc="0" uspid="418" ordinal="358" offset="6093" sl="546" sc="4" el="546" ec="35" />
                <SequencePoint vc="0" uspid="419" ordinal="359" offset="6111" sl="547" sc="4" el="547" ec="44" />
                <SequencePoint vc="0" uspid="420" ordinal="360" offset="6129" sl="548" sc="4" el="548" ec="52" />
                <SequencePoint vc="0" uspid="421" ordinal="361" offset="6147" sl="549" sc="4" el="549" ec="52" />
                <SequencePoint vc="0" uspid="422" ordinal="362" offset="6165" sl="550" sc="4" el="550" ec="50" />
                <SequencePoint vc="0" uspid="423" ordinal="363" offset="6183" sl="551" sc="4" el="551" ec="45" />
                <SequencePoint vc="0" uspid="424" ordinal="364" offset="6201" sl="552" sc="4" el="552" ec="51" />
                <SequencePoint vc="0" uspid="425" ordinal="365" offset="6219" sl="553" sc="4" el="553" ec="45" />
                <SequencePoint vc="0" uspid="426" ordinal="366" offset="6237" sl="554" sc="4" el="554" ec="51" />
                <SequencePoint vc="0" uspid="427" ordinal="367" offset="6255" sl="555" sc="4" el="555" ec="43" />
                <SequencePoint vc="0" uspid="428" ordinal="368" offset="6273" sl="556" sc="4" el="556" ec="49" />
                <SequencePoint vc="0" uspid="429" ordinal="369" offset="6291" sl="557" sc="4" el="557" ec="43" />
                <SequencePoint vc="0" uspid="430" ordinal="370" offset="6309" sl="558" sc="4" el="558" ec="43" />
                <SequencePoint vc="0" uspid="431" ordinal="371" offset="6327" sl="559" sc="4" el="559" ec="42" />
                <SequencePoint vc="0" uspid="432" ordinal="372" offset="6345" sl="560" sc="4" el="560" ec="43" />
                <SequencePoint vc="0" uspid="433" ordinal="373" offset="6363" sl="561" sc="4" el="561" ec="41" />
                <SequencePoint vc="0" uspid="434" ordinal="374" offset="6381" sl="562" sc="4" el="562" ec="41" />
                <SequencePoint vc="0" uspid="435" ordinal="375" offset="6399" sl="563" sc="4" el="563" ec="46" />
                <SequencePoint vc="0" uspid="436" ordinal="376" offset="6417" sl="564" sc="4" el="564" ec="48" />
                <SequencePoint vc="0" uspid="437" ordinal="377" offset="6435" sl="565" sc="4" el="565" ec="41" />
                <SequencePoint vc="0" uspid="438" ordinal="378" offset="6453" sl="566" sc="4" el="566" ec="46" />
                <SequencePoint vc="0" uspid="439" ordinal="379" offset="6471" sl="567" sc="4" el="567" ec="48" />
                <SequencePoint vc="0" uspid="440" ordinal="380" offset="6489" sl="568" sc="4" el="568" ec="39" />
                <SequencePoint vc="0" uspid="441" ordinal="381" offset="6507" sl="569" sc="4" el="569" ec="44" />
                <SequencePoint vc="0" uspid="442" ordinal="382" offset="6525" sl="570" sc="4" el="570" ec="46" />
                <SequencePoint vc="0" uspid="443" ordinal="383" offset="6543" sl="571" sc="4" el="571" ec="43" />
                <SequencePoint vc="0" uspid="444" ordinal="384" offset="6561" sl="572" sc="4" el="572" ec="48" />
                <SequencePoint vc="0" uspid="445" ordinal="385" offset="6579" sl="573" sc="4" el="573" ec="50" />
                <SequencePoint vc="0" uspid="446" ordinal="386" offset="6597" sl="574" sc="4" el="574" ec="44" />
                <SequencePoint vc="0" uspid="447" ordinal="387" offset="6615" sl="575" sc="4" el="575" ec="48" />
                <SequencePoint vc="0" uspid="448" ordinal="388" offset="6633" sl="576" sc="4" el="576" ec="50" />
                <SequencePoint vc="0" uspid="449" ordinal="389" offset="6651" sl="577" sc="4" el="577" ec="41" />
                <SequencePoint vc="0" uspid="450" ordinal="390" offset="6669" sl="578" sc="4" el="578" ec="46" />
                <SequencePoint vc="0" uspid="451" ordinal="391" offset="6687" sl="579" sc="4" el="579" ec="48" />
                <SequencePoint vc="0" uspid="452" ordinal="392" offset="6705" sl="580" sc="4" el="580" ec="42" />
                <SequencePoint vc="0" uspid="453" ordinal="393" offset="6723" sl="581" sc="4" el="581" ec="42" />
                <SequencePoint vc="0" uspid="454" ordinal="394" offset="6741" sl="582" sc="4" el="582" ec="44" />
                <SequencePoint vc="0" uspid="455" ordinal="395" offset="6759" sl="583" sc="4" el="583" ec="43" />
                <SequencePoint vc="0" uspid="456" ordinal="396" offset="6777" sl="584" sc="4" el="584" ec="43" />
                <SequencePoint vc="0" uspid="457" ordinal="397" offset="6795" sl="585" sc="4" el="585" ec="41" />
                <SequencePoint vc="0" uspid="458" ordinal="398" offset="6813" sl="586" sc="4" el="586" ec="41" />
                <SequencePoint vc="0" uspid="459" ordinal="399" offset="6831" sl="587" sc="4" el="587" ec="27" />
                <SequencePoint vc="0" uspid="460" ordinal="400" offset="6843" sl="588" sc="4" el="588" ec="35" />
                <SequencePoint vc="0" uspid="461" ordinal="401" offset="6855" sl="589" sc="4" el="589" ec="60" />
                <SequencePoint vc="0" uspid="462" ordinal="402" offset="6874" sl="590" sc="4" el="590" ec="29" />
                <SequencePoint vc="0" uspid="463" ordinal="403" offset="6882" sl="591" sc="4" el="591" ec="25" />
                <SequencePoint vc="0" uspid="464" ordinal="404" offset="6889" sl="592" sc="3" el="592" ec="4" />
              </SequencePoints>
              <BranchPoints />
              <MethodPoint xsi:type="SequencePoint" vc="0" uspid="60" ordinal="0" offset="0" sl="38" sc="3" el="38" ec="4" />
            </Method>
          </Methods>
        </Class>
        <Class>
          <FullName>ProgramZaPlatu.Program</FullName>
          <Methods>
            <Method visited="false" cyclomaticComplexity="1" sequenceCoverage="0" branchCoverage="0" isConstructor="false" isStatic="true" isGetter="false" isSetter="false">
              <MetadataToken>100663302</MetadataToken>
              <Name>System.Void ProgramZaPlatu.Program::Main(System.String[])</Name>
              <FileRef uid="3" />
              <SequencePoints>
                <SequencePoint vc="0" uspid="465" ordinal="0" offset="0" sl="17" sc="3" el="17" ec="4" />
                <SequencePoint vc="0" uspid="466" ordinal="1" offset="1" sl="18" sc="4" el="18" ec="37" />
                <SequencePoint vc="0" uspid="467" ordinal="2" offset="7" sl="19" sc="4" el="19" ec="57" />
                <SequencePoint vc="0" uspid="468" ordinal="3" offset="14" sl="20" sc="4" el="20" ec="36" />
                <SequencePoint vc="0" uspid="469" ordinal="4" offset="25" sl="21" sc="3" el="21" ec="4" />
              </SequencePoints>
              <BranchPoints />
              <MethodPoint xsi:type="SequencePoint" vc="0" uspid="465" ordinal="0" offset="0" sl="17" sc="3" el="17" ec="4" />
            </Method>
            <Method visited="false" cyclomaticComplexity="1" sequenceCoverage="0" branchCoverage="0" isConstructor="true" isStatic="false" isGetter="false" isSetter="false">
              <MetadataToken>100663303</MetadataToken>
              <Name>System.Void ProgramZaPlatu.Program::.ctor()</Name>
              <SequencePoints />
              <BranchPoints />
              <MethodPoint vc="0" uspid="470" ordinal="0" offset="0" />
            </Method>
          </Methods>
        </Class>
      </Classes>
    </Module>
    <Module skippedDueTo="Filter" hash="74-39-D9-6C-60-95-C8-F3-08-F7-85-E7-F1-32-3F-83-AC-86-AF-73">
      <FullName>C:\WINDOWS\Microsoft.Net\assembly\GAC_MSIL\System.Windows.Forms\v4.0_4.0.0.0__b77a5c561934e089\System.Windows.Forms.dll</FullName>
      <ModuleName>System.Windows.Forms</ModuleName>
      <Classes />
    </Module>
    <Module skippedDueTo="Filter" hash="86-9A-79-0D-96-55-78-95-07-85-F0-C8-EE-75-83-29-81-15-C0-5F">
      <FullName>C:\WINDOWS\Microsoft.Net\assembly\GAC_MSIL\System.Drawing\v4.0_4.0.0.0__b03f5f7f11d50a3a\System.Drawing.dll</FullName>
      <ModuleName>System.Drawing</ModuleName>
      <Classes />
    </Module>
  </Modules>
</CoverageSession>